[09:35:05] STARTING DAILY DISTRIBUTION PROTOCOL_
[09:35:05] ROI_CREDIT: UID 5 | Inv 2 | Amount 20 -> wallet_balance
[09:35:05] ROI_CREDIT: UID 5 | Inv 3 | Amount 2 -> wallet_balance
[09:35:05] ROI_CREDIT: UID 5 | Inv 4 | Amount 1.25 -> wallet_balance
[09:35:05] ROI_CREDIT: UID 5 | Inv 5 | Amount 20 -> wallet_balance
[09:35:05] ROI_CREDIT: UID 5 | Inv 6 | Amount 5 -> wallet_balance
[09:35:05] ROI_CREDIT: UID 5 | Inv 7 | Amount 9.28571429 -> wallet_balance
[09:35:05] ROI_CREDIT: UID 5 | Inv 8 | Amount 9.28571429 -> wallet_balance
[09:35:05] ROI_CREDIT: UID 5 | Inv 9 | Amount 1.25 -> wallet_balance
[09:35:05] ROI_CREDIT: UID 5 | Inv 10 | Amount 2 -> wallet_balance
[09:35:05] ROI_CREDIT: UID 5 | Inv 11 | Amount 83.33333333 -> wallet_balance
[09:35:06] ROI_CREDIT: UID 5 | Inv 12 | Amount 2.08333333 -> wallet_balance
[09:35:06] ROI_CREDIT: UID 5 | Inv 13 | Amount 9.28571429 -> wallet_balance
[09:35:06] ROI_CREDIT: UID 5 | Inv 14 | Amount 9.28571429 -> wallet_balance
[09:35:06] ROI_CREDIT: UID 5 | Inv 15 | Amount 9.28571429 -> wallet_balance
[09:35:06] ROI_CREDIT: UID 5 | Inv 16 | Amount 2 -> wallet_balance
[09:35:06] ROI_CREDIT: UID 5 | Inv 17 | Amount 2 -> wallet_balance
[09:35:06] ROI_CREDIT: UID 5 | Inv 18 | Amount 2 -> wallet_balance
[09:35:06] ROI_CREDIT: UID 5 | Inv 19 | Amount 1.25 -> wallet_balance
[09:35:06] ROI_CREDIT: UID 5 | Inv 20 | Amount 2 -> wallet_balance
[09:35:06] ROI_CREDIT: UID 5 | Inv 21 | Amount 2 -> wallet_balance
[09:35:06] ROI_CREDIT: UID 5 | Inv 22 | Amount 2 -> wallet_balance
[09:35:06] ROI_CREDIT: UID 5 | Inv 23 | Amount 9.28571429 -> wallet_balance
[09:35:06] ROI_CREDIT: UID 5 | Inv 24 | Amount 9.28571429 -> wallet_balance
[09:35:06] ROI_CREDIT: UID 5 | Inv 25 | Amount 1.5625 -> wallet_balance
[09:35:06] ROI_CREDIT: UID 6 | Inv 28 | Amount 18.60857143 -> wallet_balance
[09:35:06] ROI_CREDIT: UID 25 | Inv 34 | Amount 20 -> wallet_balance
[09:35:06] ROI_CREDIT: UID 25 | Inv 35 | Amount 31.25 -> wallet_balance
[09:35:06] ROI_CREDIT: UID 25 | Inv 36 | Amount 83.33333333 -> wallet_balance
[09:35:06] ROI_CREDIT: UID 26 | Inv 37 | Amount 18.57142857 -> wallet_balance
[09:35:06] ROI_CREDIT: UID 78 | Inv 38 | Amount 20 -> wallet_balance
[09:35:06] ROI_CREDIT: UID 27 | Inv 39 | Amount 5 -> wallet_balance
[09:35:06] ROI_CREDIT: UID 5 | Inv 40 | Amount 83.33333333 -> wallet_balance
[09:35:06] ROI_CREDIT: UID 26 | Inv 41 | Amount 18.57142857 -> wallet_balance
[09:35:06] ROI_CREDIT: UID 83 | Inv 42 | Amount 5 -> wallet_balance
[09:35:06] ROI_CREDIT: UID 83 | Inv 43 | Amount 5 -> wallet_balance
[09:35:06] ROI_CREDIT: UID 5 | Inv 44 | Amount 83.33333333 -> wallet_balance
[09:35:06] ROI_CREDIT: UID 5 | Inv 45 | Amount 83.33333333 -> wallet_balance
[09:35:06] ROI_CREDIT: UID 5 | Inv 46 | Amount 83.33333333 -> wallet_balance
[09:35:06] ROI_CREDIT: UID 5 | Inv 47 | Amount 31.25 -> wallet_balance
[09:35:06] ROI_CREDIT: UID 5 | Inv 48 | Amount 83.33333333 -> wallet_balance
[09:35:06] ROI_CREDIT: UID 5 | Inv 49 | Amount 83.33333333 -> wallet_balance
[09:35:06] ROI_CREDIT: UID 5 | Inv 50 | Amount 31.25 -> wallet_balance
[09:35:06] ROI_CREDIT: UID 5 | Inv 51 | Amount 31.25 -> wallet_balance
[09:35:06] ROI_CREDIT: UID 5 | Inv 52 | Amount 31.25 -> wallet_balance
[09:35:06] ROI_CREDIT: UID 5 | Inv 53 | Amount 20 -> wallet_balance
[09:35:06] ROI_CREDIT: UID 5 | Inv 54 | Amount 20 -> wallet_balance
[09:35:06] ROI_CREDIT: UID 5 | Inv 55 | Amount 18.57142857 -> wallet_balance
[09:35:06] ROI_CREDIT: UID 5 | Inv 56 | Amount 18.57142857 -> wallet_balance
[09:35:06] ROI_CREDIT: UID 5 | Inv 57 | Amount 83.33333333 -> wallet_balance
[09:35:06] ROI_CREDIT: UID 66 | Inv 58 | Amount 37.14285714 -> wallet_balance
[09:35:06] ROI_CREDIT: UID 66 | Inv 59 | Amount 18.57142857 -> wallet_balance
[09:35:06] ROI_CREDIT: UID 66 | Inv 60 | Amount 18.57142857 -> wallet_balance
[09:35:06] ROI_CREDIT: UID 97 | Inv 61 | Amount 37.14285714 -> wallet_balance
[09:35:06] ROI_CREDIT: UID 97 | Inv 62 | Amount 18.57142857 -> wallet_balance
[09:35:06] ROI_CREDIT: UID 97 | Inv 63 | Amount 18.57142857 -> wallet_balance
[09:35:06] ROI_CREDIT: UID 250 | Inv 64 | Amount 5 -> wallet_balance
[09:35:06] ROI_CREDIT: UID 97 | Inv 65 | Amount 74.28571429 -> wallet_balance
[09:35:07] ROI_CREDIT: UID 66 | Inv 66 | Amount 74.28571429 -> wallet_balance
[09:35:07] ROI_CREDIT: UID 26 | Inv 67 | Amount 74.28571429 -> wallet_balance
[09:35:07] ROI_CREDIT: UID 171 | Inv 68 | Amount 18.57142857 -> wallet_balance
[09:35:07] ROI_CREDIT: UID 5 | Inv 69 | Amount 83.33333333 -> wallet_balance
[09:35:07] ROI_CREDIT: UID 5 | Inv 70 | Amount 18.57142857 -> wallet_balance
[09:35:07] ROI_CREDIT: UID 5 | Inv 71 | Amount 18.57142857 -> wallet_balance
[09:35:07] ROI_CREDIT: UID 5 | Inv 72 | Amount 18.57142857 -> wallet_balance
[09:35:07] ROI_CREDIT: UID 5 | Inv 73 | Amount 18.57142857 -> wallet_balance
[09:35:07] ROI_CREDIT: UID 5 | Inv 74 | Amount 18.57142857 -> wallet_balance
[09:35:07] ROI_CREDIT: UID 395 | Inv 75 | Amount 18.57142857 -> wallet_balance
[09:35:07] ROI_CREDIT: UID 5 | Inv 76 | Amount 83.33333333 -> wallet_balance
[09:35:07] RESIDUAL_SKIPPED: Inv #79 is Corporate.
[09:35:07] ROI_CREDIT: UID 1 | Inv 79 | Amount 5 -> corporate_wallet
[09:35:07] ROI_CREDIT: UID 97 | Inv 80 | Amount 74.28571429 -> wallet_balance
[09:35:07] ROI_CREDIT: UID 66 | Inv 81 | Amount 18.57142857 -> wallet_balance
[09:35:07] ROI_CREDIT: UID 427 | Inv 82 | Amount 74.28571429 -> wallet_balance
[09:35:07] ROI_CREDIT: UID 428 | Inv 83 | Amount 185.71428571 -> wallet_balance
[09:35:07] ROI_CREDIT: UID 429 | Inv 84 | Amount 742.85714286 -> wallet_balance
[09:35:07] ROI_CREDIT: UID 1 | Inv 85 | Amount 83.33333333 -> wallet_balance
[09:35:07] ROI_CREDIT: UID 1 | Inv 86 | Amount 83.33333333 -> wallet_balance
[09:35:07] ROI_CREDIT: UID 434 | Inv 87 | Amount 55.71428571 -> wallet_balance
[09:35:07] ROI_CREDIT: UID 5 | Inv 90 | Amount 5 -> wallet_balance
[09:35:07] ROI_CREDIT: UID 256 | Inv 91 | Amount 37.14285714 -> wallet_balance
[09:35:08] ROI_CREDIT: UID 437 | Inv 92 | Amount 130 -> wallet_balance
[09:35:08] ROI_CREDIT: UID 3 | Inv 93 | Amount 83.33333333 -> wallet_balance
[09:35:08] ROI_CREDIT: UID 3 | Inv 97 | Amount 5 -> wallet_balance
[09:35:08] RESIDUAL_SKIPPED: Inv #98 is Corporate.
[09:35:08] ROI_CREDIT: UID 5 | Inv 98 | Amount 83.33333333 -> corporate_wallet
[09:35:08] ROI_CREDIT: UID 441 | Inv 99 | Amount 74.28571429 -> wallet_balance
[09:35:08] ROI_CREDIT: UID 444 | Inv 100 | Amount 18.57142857 -> wallet_balance
[09:35:08] ROI_CREDIT: UID 443 | Inv 101 | Amount 83.33333333 -> wallet_balance
[09:35:08] ROI_CREDIT: UID 445 | Inv 103 | Amount 74.28571429 -> wallet_balance
[09:35:08] ROI_CREDIT: UID 451 | Inv 106 | Amount 31.25 -> wallet_balance
[09:35:08] RESIDUAL_SKIPPED: Inv #109 is Corporate.
[09:35:08] ROI_CREDIT: UID 10 | Inv 109 | Amount 83.33333333 -> corporate_wallet
[09:35:08] ROI_CREDIT: UID 447 | Inv 111 | Amount 37.14285714 -> wallet_balance
[09:35:08] RESIDUAL_SKIPPED: Inv #112 is Corporate.
[09:35:08] ROI_CREDIT: UID 26 | Inv 112 | Amount 83.33333333 -> corporate_wallet
[09:35:08] RESIDUAL_SKIPPED: Inv #113 is Corporate.
[09:35:08] ROI_CREDIT: UID 66 | Inv 113 | Amount 83.33333333 -> corporate_wallet
[09:35:08] RESIDUAL_SKIPPED: Inv #114 is Corporate.
[09:35:08] ROI_CREDIT: UID 12 | Inv 114 | Amount 31.25 -> corporate_wallet
[09:35:08] RESIDUAL_SKIPPED: Inv #115 is Corporate.
[09:35:08] ROI_CREDIT: UID 97 | Inv 115 | Amount 83.33333333 -> corporate_wallet
[09:35:08] RESIDUAL_SKIPPED: Inv #116 is Corporate.
[09:35:08] ROI_CREDIT: UID 83 | Inv 116 | Amount 83.33333333 -> corporate_wallet
[09:35:08] RESIDUAL_SKIPPED: Inv #117 is Corporate.
[09:35:08] ROI_CREDIT: UID 98 | Inv 117 | Amount 20 -> corporate_wallet
[09:35:08] RESIDUAL_SKIPPED: Inv #118 is Corporate.
[09:35:08] ROI_CREDIT: UID 284 | Inv 118 | Amount 83.33333333 -> corporate_wallet
[09:35:08] RESIDUAL_SKIPPED: Inv #119 is Corporate.
[09:35:08] ROI_CREDIT: UID 164 | Inv 119 | Amount 31.25 -> corporate_wallet
[09:35:08] RESIDUAL_SKIPPED: Inv #120 is Corporate.
[09:35:08] ROI_CREDIT: UID 84 | Inv 120 | Amount 83.33333333 -> corporate_wallet
[09:35:08] RESIDUAL_SKIPPED: Inv #121 is Corporate.
[09:35:08] ROI_CREDIT: UID 87 | Inv 121 | Amount 83.33333333 -> corporate_wallet
[09:35:08] RESIDUAL_SKIPPED: Inv #122 is Corporate.
[09:35:08] ROI_CREDIT: UID 101 | Inv 122 | Amount 20 -> corporate_wallet
[09:35:08] RESIDUAL_SKIPPED: Inv #123 is Corporate.
[09:35:08] ROI_CREDIT: UID 105 | Inv 123 | Amount 20 -> corporate_wallet
[09:35:08] RESIDUAL_SKIPPED: Inv #124 is Corporate.
[09:35:08] ROI_CREDIT: UID 146 | Inv 124 | Amount 20 -> corporate_wallet
[09:35:08] RESIDUAL_SKIPPED: Inv #125 is Corporate.
[09:35:08] ROI_CREDIT: UID 255 | Inv 125 | Amount 83.33333333 -> corporate_wallet
[09:35:08] RESIDUAL_SKIPPED: Inv #126 is Corporate.
[09:35:08] ROI_CREDIT: UID 290 | Inv 126 | Amount 20 -> corporate_wallet
[09:35:08] RESIDUAL_SKIPPED: Inv #127 is Corporate.
[09:35:08] ROI_CREDIT: UID 291 | Inv 127 | Amount 20 -> corporate_wallet
[09:35:08] RESIDUAL_SKIPPED: Inv #128 is Corporate.
[09:35:08] ROI_CREDIT: UID 297 | Inv 128 | Amount 20 -> corporate_wallet
[09:35:08] RESIDUAL_SKIPPED: Inv #129 is Corporate.
[09:35:08] ROI_CREDIT: UID 294 | Inv 129 | Amount 20 -> corporate_wallet
[09:35:08] RESIDUAL_SKIPPED: Inv #130 is Corporate.
[09:35:08] ROI_CREDIT: UID 361 | Inv 130 | Amount 20 -> corporate_wallet
[09:35:08] RESIDUAL_SKIPPED: Inv #131 is Corporate.
[09:35:08] ROI_CREDIT: UID 474 | Inv 131 | Amount 83.33333333 -> corporate_wallet
[09:35:08] SUMMARY: Investments: 110 | ROI: 4962.24249993 | Residual: 252.41465362 | Promotions: 0
[09:35:08] PROTOCOL_FINISHED_
