[09:35:04] STARTING DAILY DISTRIBUTION PROTOCOL_
[09:35:04] ROI_CREDIT: UID 5 | Inv 2 | Amount 12.5
[09:35:04] ROI_CREDIT: UID 5 | Inv 3 | Amount 1.25
[09:35:04] ROI_CREDIT: UID 5 | Inv 4 | Amount 1.25
[09:35:04] ROI_CREDIT: UID 5 | Inv 5 | Amount 12.5
[09:35:04] ROI_CREDIT: UID 5 | Inv 6 | Amount 5
[09:35:04] ROI_CREDIT: UID 5 | Inv 9 | Amount 1.25
[09:35:04] ROI_CREDIT: UID 5 | Inv 10 | Amount 1.25
[09:35:04] ROI_CREDIT: UID 5 | Inv 11 | Amount 83.33333333
[09:35:04] ROI_CREDIT: UID 5 | Inv 12 | Amount 2.08333333
[09:35:04] ROI_CREDIT: UID 5 | Inv 16 | Amount 1.25
[09:35:04] ROI_CREDIT: UID 5 | Inv 17 | Amount 1.25
[09:35:04] ROI_CREDIT: UID 5 | Inv 18 | Amount 1.25
[09:35:04] ROI_CREDIT: UID 5 | Inv 19 | Amount 1.25
[09:35:04] ROI_CREDIT: UID 5 | Inv 20 | Amount 1.25
[09:35:04] ROI_CREDIT: UID 5 | Inv 21 | Amount 1.25
[09:35:05] ROI_CREDIT: UID 5 | Inv 22 | Amount 1.25
[09:35:05] ROI_CREDIT: UID 5 | Inv 25 | Amount 1.38888889
[09:35:05] ROI_CREDIT: UID 11 | Inv 26 | Amount 1.875
[09:35:05] ROI_CREDIT: UID 15 | Inv 27 | Amount 1.875
[09:35:05] ROI_CREDIT: UID 25 | Inv 34 | Amount 12.5
[09:35:05] ROI_CREDIT: UID 25 | Inv 35 | Amount 27.77777778
[09:35:05] ROI_CREDIT: UID 25 | Inv 36 | Amount 83.33333333
[09:35:05] ROI_CREDIT: UID 78 | Inv 38 | Amount 12.5
[09:35:05] ROI_CREDIT: UID 27 | Inv 39 | Amount 5
[09:35:05] ROI_CREDIT: UID 5 | Inv 40 | Amount 83.33333333
[09:35:05] ROI_CREDIT: UID 83 | Inv 42 | Amount 5
[09:35:06] ROI_CREDIT: UID 83 | Inv 43 | Amount 5
[09:35:06] ROI_CREDIT: UID 5 | Inv 44 | Amount 83.33333333
[09:35:06] ROI_CREDIT: UID 5 | Inv 45 | Amount 83.33333333
[09:35:06] ROI_CREDIT: UID 5 | Inv 46 | Amount 83.33333333
[09:35:06] ROI_CREDIT: UID 5 | Inv 47 | Amount 27.77777778
[09:35:06] ROI_CREDIT: UID 5 | Inv 48 | Amount 83.33333333
[09:35:06] ROI_CREDIT: UID 5 | Inv 49 | Amount 83.33333333
[09:35:06] ROI_CREDIT: UID 5 | Inv 50 | Amount 27.77777778
[09:35:06] ROI_CREDIT: UID 5 | Inv 51 | Amount 27.77777778
[09:35:06] ROI_CREDIT: UID 5 | Inv 52 | Amount 27.77777778
[09:35:06] ROI_CREDIT: UID 5 | Inv 53 | Amount 12.5
[09:35:06] ROI_CREDIT: UID 5 | Inv 54 | Amount 12.5
[09:35:06] ROI_CREDIT: UID 5 | Inv 57 | Amount 83.33333333
[09:35:06] ROI_CREDIT: UID 250 | Inv 64 | Amount 5
[09:35:06] ROI_CREDIT: UID 5 | Inv 69 | Amount 83.33333333
[09:35:06] ROI_CREDIT: UID 5 | Inv 76 | Amount 83.33333333
[09:35:07] ROI_CREDIT: UID 1 | Inv 77 | Amount 1.875
[09:35:07] ROI_CREDIT: UID 1 | Inv 79 | Amount 5
[09:35:07] ROI_CREDIT: UID 1 | Inv 85 | Amount 83.33333333
[09:35:07] ROI_CREDIT: UID 1 | Inv 86 | Amount 83.33333333
[09:35:07] ROI_CREDIT: UID 5 | Inv 90 | Amount 5
[09:35:07] ROI_CREDIT: UID 3 | Inv 93 | Amount 83.33333333
[09:35:07] ROI_CREDIT: UID 3 | Inv 97 | Amount 5
[09:35:07] ROI_CREDIT: UID 5 | Inv 98 | Amount 83.33333333
[09:35:07] ROI_CREDIT: UID 443 | Inv 101 | Amount 83.33333333
[09:35:07] ROI_CREDIT: UID 451 | Inv 106 | Amount 27.77777778
[09:35:07] ROI_CREDIT: UID 10 | Inv 109 | Amount 83.33333333
[09:35:07] ROI_CREDIT: UID 138 | Inv 110 | Amount 1.875
[09:35:07] ROI_CREDIT: UID 26 | Inv 112 | Amount 83.33333333
[09:35:07] ROI_CREDIT: UID 66 | Inv 113 | Amount 83.33333333
[09:35:08] ROI_CREDIT: UID 12 | Inv 114 | Amount 31.25
[09:35:08] ROI_CREDIT: UID 97 | Inv 115 | Amount 83.33333333
[09:35:08] ROI_CREDIT: UID 83 | Inv 116 | Amount 83.33333333
[09:35:08] ROI_CREDIT: UID 98 | Inv 117 | Amount 12.5
[09:35:08] ROI_CREDIT: UID 284 | Inv 118 | Amount 83.33333333
[09:35:08] ROI_CREDIT: UID 164 | Inv 119 | Amount 31.25
[09:35:08] ROI_CREDIT: UID 84 | Inv 120 | Amount 83.33333333
[09:35:08] ROI_CREDIT: UID 87 | Inv 121 | Amount 83.33333333
[09:35:08] ROI_CREDIT: UID 101 | Inv 122 | Amount 12.5
[09:35:08] ROI_CREDIT: UID 105 | Inv 123 | Amount 12.5
[09:35:08] ROI_CREDIT: UID 146 | Inv 124 | Amount 12.5
[09:35:08] ROI_CREDIT: UID 255 | Inv 125 | Amount 83.33333333
[09:35:08] ROI_CREDIT: UID 290 | Inv 126 | Amount 12.5
[09:35:08] ROI_CREDIT: UID 291 | Inv 127 | Amount 12.5
[09:35:08] ROI_CREDIT: UID 297 | Inv 128 | Amount 12.5
[09:35:08] ROI_CREDIT: UID 294 | Inv 129 | Amount 12.5
[09:35:08] ROI_CREDIT: UID 361 | Inv 130 | Amount 12.5
[09:35:08] ROI_CREDIT: UID 474 | Inv 131 | Amount 83.33333333
[09:35:08] ROI_CREDIT: UID 429 | Inv 132 | Amount 25
[09:35:08] ROI_CREDIT: UID 476 | Inv 133 | Amount 50
[09:35:08] ROI_CREDIT: UID 478 | Inv 134 | Amount 31.25
[09:35:08] ROI_CREDIT: UID 5 | Inv 135 | Amount 83.33333333
[09:35:08] ROI_CREDIT: UID 486 | Inv 136 | Amount 83.33333333
[09:35:08] ROI_CREDIT: UID 487 | Inv 137 | Amount 83.33333333
[09:35:08] ROI_CREDIT: UID 485 | Inv 138 | Amount 12.5
[09:35:08] ROI_CREDIT: UID 488 | Inv 139 | Amount 12.5
[09:35:08] ROI_CREDIT: UID 1 | Inv 140 | Amount 83.33333333
[09:35:08] ROI_CREDIT: UID 1 | Inv 141 | Amount 83.33333333
[09:35:08] ROI_CREDIT: UID 1 | Inv 142 | Amount 83.33333333
[09:35:08] ROI_CREDIT: UID 1 | Inv 143 | Amount 83.33333333
[09:35:08] ROI_CREDIT: UID 1 | Inv 144 | Amount 5
[09:35:08] ROI_CREDIT: UID 441 | Inv 145 | Amount 5
[09:35:09] ROI_CREDIT: UID 479 | Inv 146 | Amount 10
[09:35:09] ROI_CREDIT: UID 492 | Inv 147 | Amount 12.5
[09:35:09] ROI_CREDIT: UID 28 | Inv 148 | Amount 31.25
[09:35:09] ROI_CREDIT: UID 28 | Inv 149 | Amount 5
[09:35:09] ROI_CREDIT: UID 28 | Inv 151 | Amount 5
[09:35:09] ROI_CREDIT: UID 502 | Inv 152 | Amount 31.25
[09:35:09] ROI_CREDIT: UID 505 | Inv 153 | Amount 75
[09:35:09] ROI_CREDIT: UID 5 | Inv 154 | Amount 27.77777778
[09:35:09] ROI_CREDIT: UID 505 | Inv 156 | Amount 75
[09:35:09] ROI_CREDIT: UID 5 | Inv 157 | Amount 5
[09:35:09] ROI_CREDIT: UID 5 | Inv 158 | Amount 5
[09:35:09] ROI_CREDIT: UID 5 | Inv 159 | Amount 5
[09:35:09] ROI_CREDIT: UID 5 | Inv 160 | Amount 5
[09:35:09] ROI_CREDIT: UID 5 | Inv 161 | Amount 5
[09:35:09] ROI_CREDIT: UID 97 | Inv 163 | Amount 5
[09:35:10] ROI_CREDIT: UID 523 | Inv 184 | Amount 83.33333333
[09:35:10] ROI_CREDIT: UID 5 | Inv 185 | Amount 122.22222222
[09:35:10] ROI_CREDIT: UID 13 | Inv 189 | Amount 5
[09:35:10] ROI_CREDIT: UID 13 | Inv 190 | Amount 31.25
[09:35:10] ROI_CREDIT: UID 521 | Inv 192 | Amount 27.77777778
[09:35:10] ROI_CREDIT: UID 31 | Inv 193 | Amount 5
[09:35:10] ROI_CREDIT: UID 524 | Inv 194 | Amount 5
[09:35:10] ROI_CREDIT: UID 525 | Inv 195 | Amount 5
[09:35:10] ROI_CREDIT: UID 534 | Inv 196 | Amount 5
[09:35:10] ROI_CREDIT: UID 92 | Inv 197 | Amount 12.5
[09:35:10] ROI_CREDIT: UID 502 | Inv 200 | Amount 5
[09:35:10] ROI_CREDIT: UID 542 | Inv 201 | Amount 5
[09:35:10] ROI_CREDIT: UID 5 | Inv 202 | Amount 12.5
[09:35:10] ROI_CREDIT: UID 5 | Inv 203 | Amount 41.66666667
[09:35:10] ROI_CREDIT: UID 5 | Inv 204 | Amount 9
[09:35:10] ROI_CREDIT: UID 545 | Inv 205 | Amount 5
[09:35:10] ROI_CREDIT: UID 527 | Inv 206 | Amount 31.25
[09:35:11] ROI_CREDIT: UID 546 | Inv 207 | Amount 5
[09:35:11] ROI_CREDIT: UID 547 | Inv 208 | Amount 5
[09:35:11] ROI_CREDIT: UID 549 | Inv 209 | Amount 5
[09:35:11] ROI_CREDIT: UID 7 | Inv 212 | Amount 240
[09:35:11] ROI_CREDIT: UID 472 | Inv 213 | Amount 12.5
[09:35:11] ROI_CREDIT: UID 9 | Inv 214 | Amount 1.875
[09:35:11] ROI_CREDIT: UID 564 | Inv 215 | Amount 1.875
[09:35:11] ROI_CREDIT: UID 569 | Inv 216 | Amount 11.35
[09:35:11] ROI_CREDIT: UID 547 | Inv 217 | Amount 31.25
[09:35:11] ROI_CREDIT: UID 548 | Inv 218 | Amount 5
[09:35:11] ROI_CREDIT: UID 576 | Inv 219 | Amount 0.5
[09:35:11] ROI_CREDIT: UID 575 | Inv 220 | Amount 5
[09:35:11] ROI_CREDIT: UID 575 | Inv 221 | Amount 5
[09:35:11] ROI_CREDIT: UID 548 | Inv 223 | Amount 0.5
[09:35:11] ROI_CREDIT: UID 585 | Inv 224 | Amount 5
[09:35:11] ROI_CREDIT: UID 12 | Inv 225 | Amount 83.33333333
[09:35:11] ROI_CREDIT: UID 579 | Inv 226 | Amount 1.875
[09:35:11] ROI_CREDIT: UID 595 | Inv 228 | Amount 498.33887043
[09:35:11] ROI_CREDIT: UID 592 | Inv 229 | Amount 5
[09:35:11] ROI_CREDIT: UID 587 | Inv 230 | Amount 10
[09:35:11] ROI_CREDIT: UID 573 | Inv 231 | Amount 1.875
[09:35:11] SUMMARY: Investments 141 | ROI 5022.18887033 | Residual 77.34074908
[09:35:11] PROTOCOL_FINISHED_
[17:19:53] STARTING DAILY DISTRIBUTION PROTOCOL_
[17:19:54] ROI_CREDIT: UID 593 | Inv 232 | Amount 1.875
[17:19:54] ROI_CREDIT: UID 590 | Inv 233 | Amount 1.875
[17:19:54] SUMMARY: Investments 2 | ROI 3.75 | Residual 0.3375
[17:19:54] PROTOCOL_FINISHED_
