[09:35:05] STARTING DAILY DISTRIBUTION PROTOCOL_
[09:35:05] ROI_CREDIT: UID 5 | Inv 2 | Amount 12.5
[09:35:05] ROI_CREDIT: UID 5 | Inv 3 | Amount 1.25
[09:35:05] ROI_CREDIT: UID 5 | Inv 4 | Amount 1.25
[09:35:05] ROI_CREDIT: UID 5 | Inv 5 | Amount 12.5
[09:35:05] ROI_CREDIT: UID 5 | Inv 6 | Amount 5
[09:35:05] ROI_CREDIT: UID 5 | Inv 9 | Amount 1.25
[09:35:05] ROI_CREDIT: UID 5 | Inv 10 | Amount 1.25
[09:35:05] ROI_CREDIT: UID 5 | Inv 11 | Amount 83.33333333
[09:35:05] ROI_CREDIT: UID 5 | Inv 12 | Amount 2.08333333
[09:35:06] ROI_CREDIT: UID 5 | Inv 16 | Amount 1.25
[09:35:06] ROI_CREDIT: UID 5 | Inv 17 | Amount 1.25
[09:35:06] ROI_CREDIT: UID 5 | Inv 18 | Amount 1.25
[09:35:06] ROI_CREDIT: UID 5 | Inv 19 | Amount 1.25
[09:35:06] ROI_CREDIT: UID 5 | Inv 20 | Amount 1.25
[09:35:06] ROI_CREDIT: UID 5 | Inv 21 | Amount 1.25
[09:35:06] ROI_CREDIT: UID 5 | Inv 22 | Amount 1.25
[09:35:06] ROI_CREDIT: UID 5 | Inv 25 | Amount 1.38888889
[09:35:06] ROI_CREDIT: UID 11 | Inv 26 | Amount 1.66666667
[09:35:06] ROI_CREDIT: UID 15 | Inv 27 | Amount 1.66666667
[09:35:06] ROI_CREDIT: UID 25 | Inv 34 | Amount 12.5
[09:35:06] ROI_CREDIT: UID 25 | Inv 35 | Amount 27.77777778
[09:35:06] ROI_CREDIT: UID 25 | Inv 36 | Amount 83.33333333
[09:35:06] ROI_CREDIT: UID 78 | Inv 38 | Amount 12.5
[09:35:06] ROI_CREDIT: UID 27 | Inv 39 | Amount 5
[09:35:06] ROI_CREDIT: UID 5 | Inv 40 | Amount 83.33333333
[09:35:07] ROI_CREDIT: UID 83 | Inv 42 | Amount 5
[09:35:07] ROI_CREDIT: UID 83 | Inv 43 | Amount 5
[09:35:07] ROI_CREDIT: UID 5 | Inv 44 | Amount 83.33333333
[09:35:07] ROI_CREDIT: UID 5 | Inv 45 | Amount 83.33333333
[09:35:07] ROI_CREDIT: UID 5 | Inv 46 | Amount 83.33333333
[09:35:07] ROI_CREDIT: UID 5 | Inv 47 | Amount 27.77777778
[09:35:07] ROI_CREDIT: UID 5 | Inv 48 | Amount 83.33333333
[09:35:07] ROI_CREDIT: UID 5 | Inv 49 | Amount 83.33333333
[09:35:07] ROI_CREDIT: UID 5 | Inv 50 | Amount 27.77777778
[09:35:07] ROI_CREDIT: UID 5 | Inv 51 | Amount 27.77777778
[09:35:07] ROI_CREDIT: UID 5 | Inv 52 | Amount 27.77777778
[09:35:07] ROI_CREDIT: UID 5 | Inv 53 | Amount 12.5
[09:35:07] ROI_CREDIT: UID 5 | Inv 54 | Amount 12.5
[09:35:07] ROI_CREDIT: UID 5 | Inv 55 | Amount 18.57142857
[09:35:07] COMPLETED: Inv #55 reached its duration of 35 days and has been closed.
[09:35:07] ROI_CREDIT: UID 5 | Inv 56 | Amount 18.57142857
[09:35:07] COMPLETED: Inv #56 reached its duration of 35 days and has been closed.
[09:35:07] ROI_CREDIT: UID 5 | Inv 57 | Amount 83.33333333
[09:35:07] ROI_CREDIT: UID 66 | Inv 58 | Amount 37.14285714
[09:35:07] COMPLETED: Inv #58 reached its duration of 35 days and has been closed.
[09:35:07] ROI_CREDIT: UID 66 | Inv 59 | Amount 18.57142857
[09:35:07] COMPLETED: Inv #59 reached its duration of 35 days and has been closed.
[09:35:07] ROI_CREDIT: UID 66 | Inv 60 | Amount 18.57142857
[09:35:07] COMPLETED: Inv #60 reached its duration of 35 days and has been closed.
[09:35:07] ROI_CREDIT: UID 97 | Inv 61 | Amount 37.14285714
[09:35:07] COMPLETED: Inv #61 reached its duration of 35 days and has been closed.
[09:35:07] ROI_CREDIT: UID 97 | Inv 62 | Amount 18.57142857
[09:35:07] COMPLETED: Inv #62 reached its duration of 35 days and has been closed.
[09:35:07] ROI_CREDIT: UID 97 | Inv 63 | Amount 18.57142857
[09:35:07] COMPLETED: Inv #63 reached its duration of 35 days and has been closed.
[09:35:08] ROI_CREDIT: UID 250 | Inv 64 | Amount 5
[09:35:08] ROI_CREDIT: UID 97 | Inv 65 | Amount 74.28571429
[09:35:08] ROI_CREDIT: UID 66 | Inv 66 | Amount 74.28571429
[09:35:08] ROI_CREDIT: UID 26 | Inv 67 | Amount 74.28571429
[09:35:08] ROI_CREDIT: UID 171 | Inv 68 | Amount 18.57142857
[09:35:08] ROI_CREDIT: UID 5 | Inv 69 | Amount 83.33333333
[09:35:08] ROI_CREDIT: UID 5 | Inv 70 | Amount 18.57142857
[09:35:08] ROI_CREDIT: UID 5 | Inv 71 | Amount 18.57142857
[09:35:08] ROI_CREDIT: UID 5 | Inv 72 | Amount 18.57142857
[09:35:08] ROI_CREDIT: UID 5 | Inv 73 | Amount 18.57142857
[09:35:08] ROI_CREDIT: UID 5 | Inv 74 | Amount 18.57142857
[09:35:08] ROI_CREDIT: UID 395 | Inv 75 | Amount 18.57142857
[09:35:08] ROI_CREDIT: UID 5 | Inv 76 | Amount 83.33333333
[09:35:08] ROI_CREDIT: UID 1 | Inv 77 | Amount 1.66666667
[09:35:08] ROI_CREDIT: UID 1 | Inv 79 | Amount 5
[09:35:08] ROI_CREDIT: UID 97 | Inv 80 | Amount 74.28571429
[09:35:08] ROI_CREDIT: UID 66 | Inv 81 | Amount 18.57142857
[09:35:08] ROI_CREDIT: UID 427 | Inv 82 | Amount 74.28571429
[09:35:09] ROI_CREDIT: UID 428 | Inv 83 | Amount 185.71428571
[09:35:09] ROI_CREDIT: UID 429 | Inv 84 | Amount 742.85714286
[09:35:09] ROI_CREDIT: UID 1 | Inv 85 | Amount 83.33333333
[09:35:09] ROI_CREDIT: UID 1 | Inv 86 | Amount 83.33333333
[09:35:09] ROI_CREDIT: UID 434 | Inv 87 | Amount 55.71428571
[09:35:09] ROI_CREDIT: UID 5 | Inv 90 | Amount 5
[09:35:09] ROI_CREDIT: UID 256 | Inv 91 | Amount 37.14285714
[09:35:09] ROI_CREDIT: UID 437 | Inv 92 | Amount 130
[09:35:09] ROI_CREDIT: UID 3 | Inv 93 | Amount 83.33333333
[09:35:09] ROI_CREDIT: UID 3 | Inv 97 | Amount 5
[09:35:10] ROI_CREDIT: UID 5 | Inv 98 | Amount 83.33333333
[09:35:10] ROI_CREDIT: UID 441 | Inv 99 | Amount 74.28571429
[09:35:10] ROI_CREDIT: UID 444 | Inv 100 | Amount 18.57142857
[09:35:10] ROI_CREDIT: UID 443 | Inv 101 | Amount 83.33333333
[09:35:10] ROI_CREDIT: UID 445 | Inv 103 | Amount 74.28571429
[09:35:10] ROI_CREDIT: UID 451 | Inv 106 | Amount 27.77777778
[09:35:10] ROI_CREDIT: UID 10 | Inv 109 | Amount 83.33333333
[09:35:10] ROI_CREDIT: UID 138 | Inv 110 | Amount 1.66666667
[09:35:10] ROI_CREDIT: UID 447 | Inv 111 | Amount 37.14285714
[09:35:10] ROI_CREDIT: UID 26 | Inv 112 | Amount 83.33333333
[09:35:10] ROI_CREDIT: UID 66 | Inv 113 | Amount 83.33333333
[09:35:10] ROI_CREDIT: UID 12 | Inv 114 | Amount 31.25
[09:35:10] ROI_CREDIT: UID 97 | Inv 115 | Amount 83.33333333
[09:35:10] ROI_CREDIT: UID 83 | Inv 116 | Amount 83.33333333
[09:35:10] ROI_CREDIT: UID 98 | Inv 117 | Amount 12.5
[09:35:10] ROI_CREDIT: UID 284 | Inv 118 | Amount 83.33333333
[09:35:10] ROI_CREDIT: UID 164 | Inv 119 | Amount 31.25
[09:35:10] ROI_CREDIT: UID 84 | Inv 120 | Amount 83.33333333
[09:35:10] ROI_CREDIT: UID 87 | Inv 121 | Amount 83.33333333
[09:35:10] ROI_CREDIT: UID 101 | Inv 122 | Amount 12.5
[09:35:10] ROI_CREDIT: UID 105 | Inv 123 | Amount 12.5
[09:35:10] ROI_CREDIT: UID 146 | Inv 124 | Amount 12.5
[09:35:11] ROI_CREDIT: UID 255 | Inv 125 | Amount 83.33333333
[09:35:11] ROI_CREDIT: UID 290 | Inv 126 | Amount 12.5
[09:35:11] ROI_CREDIT: UID 291 | Inv 127 | Amount 12.5
[09:35:11] ROI_CREDIT: UID 297 | Inv 128 | Amount 12.5
[09:35:11] ROI_CREDIT: UID 294 | Inv 129 | Amount 12.5
[09:35:11] ROI_CREDIT: UID 361 | Inv 130 | Amount 12.5
[09:35:11] ROI_CREDIT: UID 474 | Inv 131 | Amount 83.33333333
[09:35:11] ROI_CREDIT: UID 429 | Inv 132 | Amount 25
[09:35:11] ROI_CREDIT: UID 476 | Inv 133 | Amount 50
[09:35:11] ROI_CREDIT: UID 478 | Inv 134 | Amount 31.25
[09:35:11] ROI_CREDIT: UID 5 | Inv 135 | Amount 83.33333333
[09:35:11] ROI_CREDIT: UID 486 | Inv 136 | Amount 83.33333333
[09:35:11] ROI_CREDIT: UID 487 | Inv 137 | Amount 83.33333333
[09:35:11] ROI_CREDIT: UID 485 | Inv 138 | Amount 12.5
[09:35:11] ROI_CREDIT: UID 488 | Inv 139 | Amount 12.5
[09:35:11] ROI_CREDIT: UID 1 | Inv 140 | Amount 83.33333333
[09:35:11] ROI_CREDIT: UID 1 | Inv 141 | Amount 83.33333333
[09:35:11] ROI_CREDIT: UID 1 | Inv 142 | Amount 83.33333333
[09:35:11] ROI_CREDIT: UID 1 | Inv 143 | Amount 83.33333333
[09:35:11] ROI_CREDIT: UID 1 | Inv 144 | Amount 5
[09:35:11] ROI_CREDIT: UID 441 | Inv 145 | Amount 18.57142857
[09:35:11] ROI_CREDIT: UID 479 | Inv 146 | Amount 37.14285714
[09:35:11] ROI_CREDIT: UID 492 | Inv 147 | Amount 12.5
[09:35:11] ROI_CREDIT: UID 28 | Inv 148 | Amount 31.25
[09:35:11] ROI_CREDIT: UID 28 | Inv 149 | Amount 5
[09:35:11] ROI_CREDIT: UID 28 | Inv 151 | Amount 5
[09:35:11] ROI_CREDIT: UID 502 | Inv 152 | Amount 31.25
[09:35:11] ROI_CREDIT: UID 505 | Inv 153 | Amount 278.57142857
[09:35:11] ROI_CREDIT: UID 5 | Inv 154 | Amount 27.77777778
[09:35:11] ROI_CREDIT: UID 505 | Inv 156 | Amount 278.57142857
[09:35:11] ROI_CREDIT: UID 5 | Inv 157 | Amount 18.57142857
[09:35:11] ROI_CREDIT: UID 5 | Inv 158 | Amount 18.57142857
[09:35:11] ROI_CREDIT: UID 5 | Inv 159 | Amount 18.57142857
[09:35:11] ROI_CREDIT: UID 5 | Inv 160 | Amount 18.57142857
[09:35:11] ROI_CREDIT: UID 5 | Inv 161 | Amount 18.57142857
[09:35:11] ROI_CREDIT: UID 97 | Inv 163 | Amount 18.57142857
[09:35:11] ROI_CREDIT: UID 523 | Inv 184 | Amount 83.33333333
[09:35:11] ROI_CREDIT: UID 5 | Inv 185 | Amount 122.22222222
[09:35:12] ROI_CREDIT: UID 13 | Inv 189 | Amount 5
[09:35:12] ROI_CREDIT: UID 13 | Inv 190 | Amount 31.25
[09:35:12] ROI_CREDIT: UID 521 | Inv 192 | Amount 27.77777778
[09:35:12] ROI_CREDIT: UID 31 | Inv 193 | Amount 5
[09:35:12] ROI_CREDIT: UID 524 | Inv 194 | Amount 5
[09:35:12] ROI_CREDIT: UID 525 | Inv 195 | Amount 5
[09:35:12] ROI_CREDIT: UID 534 | Inv 196 | Amount 5
[09:35:12] ROI_CREDIT: UID 92 | Inv 197 | Amount 12.5
[09:35:12] ROI_CREDIT: UID 502 | Inv 200 | Amount 5
[09:35:12] ROI_CREDIT: UID 542 | Inv 201 | Amount 5
[09:35:12] ROI_CREDIT: UID 5 | Inv 202 | Amount 12.5
[09:35:12] ROI_CREDIT: UID 5 | Inv 203 | Amount 41.66666667
[09:35:12] ROI_CREDIT: UID 5 | Inv 204 | Amount 33.42857143
[09:35:12] ROI_CREDIT: UID 545 | Inv 205 | Amount 5
[09:35:12] ROI_CREDIT: UID 527 | Inv 206 | Amount 31.25
[09:35:12] ROI_CREDIT: UID 546 | Inv 207 | Amount 5
[09:35:12] ROI_CREDIT: UID 547 | Inv 208 | Amount 5
[09:35:12] ROI_CREDIT: UID 549 | Inv 209 | Amount 5
[09:35:12] SUMMARY: Investments 153 | ROI 6716.22619037 | Residual 172.99246033
[09:35:12] PROTOCOL_FINISHED_
