[09:35:04] STARTING DAILY DISTRIBUTION PROTOCOL_
[09:35:04] RESIDUAL_SKIPPED: Inv 2 Corporate/Admin
[09:35:04] ROI_CREDIT: UID 5 | Inv 2 | Amount 12.5
[09:35:04] RESIDUAL_SKIPPED: Inv 3 Corporate/Admin
[09:35:04] ROI_CREDIT: UID 5 | Inv 3 | Amount 1.25
[09:35:04] RESIDUAL_SKIPPED: Inv 4 Corporate/Admin
[09:35:04] ROI_CREDIT: UID 5 | Inv 4 | Amount 1.25
[09:35:04] RESIDUAL_SKIPPED: Inv 5 Corporate/Admin
[09:35:04] ROI_CREDIT: UID 5 | Inv 5 | Amount 12.5
[09:35:04] RESIDUAL_SKIPPED: Inv 6 Corporate/Admin
[09:35:04] ROI_CREDIT: UID 5 | Inv 6 | Amount 5
[09:35:04] RESIDUAL_SKIPPED: Inv 7 Corporate/Admin
[09:35:04] ROI_CREDIT: UID 5 | Inv 7 | Amount 9.28571429
[09:35:04] RESIDUAL_SKIPPED: Inv 8 Corporate/Admin
[09:35:04] ROI_CREDIT: UID 5 | Inv 8 | Amount 9.28571429
[09:35:04] RESIDUAL_SKIPPED: Inv 9 Corporate/Admin
[09:35:04] ROI_CREDIT: UID 5 | Inv 9 | Amount 1.25
[09:35:04] RESIDUAL_SKIPPED: Inv 10 Corporate/Admin
[09:35:04] ROI_CREDIT: UID 5 | Inv 10 | Amount 1.25
[09:35:04] RESIDUAL_SKIPPED: Inv 11 Corporate/Admin
[09:35:04] ROI_CREDIT: UID 5 | Inv 11 | Amount 83.33333333
[09:35:04] RESIDUAL_SKIPPED: Inv 12 Corporate/Admin
[09:35:04] ROI_CREDIT: UID 5 | Inv 12 | Amount 2.08333333
[09:35:04] RESIDUAL_SKIPPED: Inv 13 Corporate/Admin
[09:35:04] ROI_CREDIT: UID 5 | Inv 13 | Amount 9.28571429
[09:35:04] RESIDUAL_SKIPPED: Inv 14 Corporate/Admin
[09:35:04] ROI_CREDIT: UID 5 | Inv 14 | Amount 9.28571429
[09:35:04] RESIDUAL_SKIPPED: Inv 15 Corporate/Admin
[09:35:04] ROI_CREDIT: UID 5 | Inv 15 | Amount 9.28571429
[09:35:04] RESIDUAL_SKIPPED: Inv 16 Corporate/Admin
[09:35:04] ROI_CREDIT: UID 5 | Inv 16 | Amount 1.25
[09:35:04] RESIDUAL_SKIPPED: Inv 17 Corporate/Admin
[09:35:05] ROI_CREDIT: UID 5 | Inv 17 | Amount 1.25
[09:35:05] RESIDUAL_SKIPPED: Inv 18 Corporate/Admin
[09:35:05] ROI_CREDIT: UID 5 | Inv 18 | Amount 1.25
[09:35:05] RESIDUAL_SKIPPED: Inv 19 Corporate/Admin
[09:35:05] ROI_CREDIT: UID 5 | Inv 19 | Amount 1.25
[09:35:05] RESIDUAL_SKIPPED: Inv 20 Corporate/Admin
[09:35:05] ROI_CREDIT: UID 5 | Inv 20 | Amount 1.25
[09:35:05] RESIDUAL_SKIPPED: Inv 21 Corporate/Admin
[09:35:05] ROI_CREDIT: UID 5 | Inv 21 | Amount 1.25
[09:35:05] RESIDUAL_SKIPPED: Inv 22 Corporate/Admin
[09:35:05] ROI_CREDIT: UID 5 | Inv 22 | Amount 1.25
[09:35:05] RESIDUAL_SKIPPED: Inv 23 Corporate/Admin
[09:35:05] ROI_CREDIT: UID 5 | Inv 23 | Amount 9.28571429
[09:35:05] RESIDUAL_SKIPPED: Inv 24 Corporate/Admin
[09:35:05] ROI_CREDIT: UID 5 | Inv 24 | Amount 9.28571429
[09:35:05] RESIDUAL_SKIPPED: Inv 25 Corporate/Admin
[09:35:05] ROI_CREDIT: UID 5 | Inv 25 | Amount 1.38888889
[09:35:05] RESIDUAL_SKIPPED: Inv 26 Corporate/Admin
[09:35:05] ROI_CREDIT: UID 11 | Inv 26 | Amount 1.66666667
[09:35:05] ROI_CREDIT: UID 15 | Inv 27 | Amount 1.66666667
[09:35:05] ROI_CREDIT: UID 6 | Inv 28 | Amount 18.60857143
[09:35:05] RESIDUAL_SKIPPED: Inv 34 Corporate/Admin
[09:35:05] ROI_CREDIT: UID 25 | Inv 34 | Amount 12.5
[09:35:05] RESIDUAL_SKIPPED: Inv 35 Corporate/Admin
[09:35:05] ROI_CREDIT: UID 25 | Inv 35 | Amount 27.77777778
[09:35:05] ROI_CREDIT: UID 25 | Inv 36 | Amount 83.33333333
[09:35:05] ROI_CREDIT: UID 26 | Inv 37 | Amount 18.57142857
[09:35:05] RESIDUAL_SKIPPED: Inv 38 Corporate/Admin
[09:35:05] ROI_CREDIT: UID 78 | Inv 38 | Amount 12.5
[09:35:05] RESIDUAL_SKIPPED: Inv 39 Corporate/Admin
[09:35:05] ROI_CREDIT: UID 27 | Inv 39 | Amount 5
[09:35:05] ROI_CREDIT: UID 5 | Inv 40 | Amount 83.33333333
[09:35:05] RESIDUAL_SKIPPED: Inv 41 Corporate/Admin
[09:35:05] ROI_CREDIT: UID 26 | Inv 41 | Amount 18.57142857
[09:35:05] ROI_CREDIT: UID 83 | Inv 42 | Amount 5
[09:35:05] RESIDUAL_SKIPPED: Inv 43 Corporate/Admin
[09:35:05] ROI_CREDIT: UID 83 | Inv 43 | Amount 5
[09:35:05] RESIDUAL_SKIPPED: Inv 44 Corporate/Admin
[09:35:05] ROI_CREDIT: UID 5 | Inv 44 | Amount 83.33333333
[09:35:05] RESIDUAL_SKIPPED: Inv 45 Corporate/Admin
[09:35:05] ROI_CREDIT: UID 5 | Inv 45 | Amount 83.33333333
[09:35:05] RESIDUAL_SKIPPED: Inv 46 Corporate/Admin
[09:35:05] ROI_CREDIT: UID 5 | Inv 46 | Amount 83.33333333
[09:35:05] RESIDUAL_SKIPPED: Inv 47 Corporate/Admin
[09:35:05] ROI_CREDIT: UID 5 | Inv 47 | Amount 27.77777778
[09:35:05] RESIDUAL_SKIPPED: Inv 48 Corporate/Admin
[09:35:05] ROI_CREDIT: UID 5 | Inv 48 | Amount 83.33333333
[09:35:05] RESIDUAL_SKIPPED: Inv 49 Corporate/Admin
[09:35:05] ROI_CREDIT: UID 5 | Inv 49 | Amount 83.33333333
[09:35:05] RESIDUAL_SKIPPED: Inv 50 Corporate/Admin
[09:35:05] ROI_CREDIT: UID 5 | Inv 50 | Amount 27.77777778
[09:35:05] RESIDUAL_SKIPPED: Inv 51 Corporate/Admin
[09:35:05] ROI_CREDIT: UID 5 | Inv 51 | Amount 27.77777778
[09:35:05] RESIDUAL_SKIPPED: Inv 52 Corporate/Admin
[09:35:05] ROI_CREDIT: UID 5 | Inv 52 | Amount 27.77777778
[09:35:05] RESIDUAL_SKIPPED: Inv 53 Corporate/Admin
[09:35:05] ROI_CREDIT: UID 5 | Inv 53 | Amount 12.5
[09:35:05] RESIDUAL_SKIPPED: Inv 54 Corporate/Admin
[09:35:05] ROI_CREDIT: UID 5 | Inv 54 | Amount 12.5
[09:35:05] RESIDUAL_SKIPPED: Inv 55 Corporate/Admin
[09:35:05] ROI_CREDIT: UID 5 | Inv 55 | Amount 18.57142857
[09:35:05] RESIDUAL_SKIPPED: Inv 56 Corporate/Admin
[09:35:05] ROI_CREDIT: UID 5 | Inv 56 | Amount 18.57142857
[09:35:05] RESIDUAL_SKIPPED: Inv 57 Corporate/Admin
[09:35:06] ROI_CREDIT: UID 5 | Inv 57 | Amount 83.33333333
[09:35:06] ROI_CREDIT: UID 66 | Inv 58 | Amount 37.14285714
[09:35:06] RESIDUAL_SKIPPED: Inv 59 Corporate/Admin
[09:35:06] ROI_CREDIT: UID 66 | Inv 59 | Amount 18.57142857
[09:35:06] RESIDUAL_SKIPPED: Inv 60 Corporate/Admin
[09:35:06] ROI_CREDIT: UID 66 | Inv 60 | Amount 18.57142857
[09:35:06] ROI_CREDIT: UID 97 | Inv 61 | Amount 37.14285714
[09:35:06] RESIDUAL_SKIPPED: Inv 62 Corporate/Admin
[09:35:06] ROI_CREDIT: UID 97 | Inv 62 | Amount 18.57142857
[09:35:06] RESIDUAL_SKIPPED: Inv 63 Corporate/Admin
[09:35:06] ROI_CREDIT: UID 97 | Inv 63 | Amount 18.57142857
[09:35:06] RESIDUAL_SKIPPED: Inv 64 Corporate/Admin
[09:35:06] ROI_CREDIT: UID 250 | Inv 64 | Amount 5
[09:35:06] ROI_CREDIT: UID 97 | Inv 65 | Amount 74.28571429
[09:35:06] ROI_CREDIT: UID 66 | Inv 66 | Amount 74.28571429
[09:35:06] ROI_CREDIT: UID 26 | Inv 67 | Amount 74.28571429
[09:35:06] ROI_CREDIT: UID 171 | Inv 68 | Amount 18.57142857
[09:35:06] RESIDUAL_SKIPPED: Inv 69 Corporate/Admin
[09:35:06] ROI_CREDIT: UID 5 | Inv 69 | Amount 83.33333333
[09:35:06] RESIDUAL_SKIPPED: Inv 70 Corporate/Admin
[09:35:06] ROI_CREDIT: UID 5 | Inv 70 | Amount 18.57142857
[09:35:06] RESIDUAL_SKIPPED: Inv 71 Corporate/Admin
[09:35:06] ROI_CREDIT: UID 5 | Inv 71 | Amount 18.57142857
[09:35:06] RESIDUAL_SKIPPED: Inv 72 Corporate/Admin
[09:35:06] ROI_CREDIT: UID 5 | Inv 72 | Amount 18.57142857
[09:35:06] RESIDUAL_SKIPPED: Inv 73 Corporate/Admin
[09:35:06] ROI_CREDIT: UID 5 | Inv 73 | Amount 18.57142857
[09:35:06] RESIDUAL_SKIPPED: Inv 74 Corporate/Admin
[09:35:06] ROI_CREDIT: UID 5 | Inv 74 | Amount 18.57142857
[09:35:06] ROI_CREDIT: UID 395 | Inv 75 | Amount 18.57142857
[09:35:06] RESIDUAL_SKIPPED: Inv 76 Corporate/Admin
[09:35:06] ROI_CREDIT: UID 5 | Inv 76 | Amount 83.33333333
[09:35:06] ROI_CREDIT: UID 1 | Inv 77 | Amount 1.66666667
[09:35:06] RESIDUAL_SKIPPED: Inv 79 Corporate/Admin
[09:35:06] ROI_CREDIT: UID 1 | Inv 79 | Amount 5
[09:35:06] ROI_CREDIT: UID 97 | Inv 80 | Amount 74.28571429
[09:35:06] ROI_CREDIT: UID 66 | Inv 81 | Amount 18.57142857
[09:35:06] ROI_CREDIT: UID 427 | Inv 82 | Amount 74.28571429
[09:35:06] ROI_CREDIT: UID 428 | Inv 83 | Amount 185.71428571
[09:35:06] ROI_CREDIT: UID 429 | Inv 84 | Amount 742.85714286
[09:35:06] ROI_CREDIT: UID 1 | Inv 85 | Amount 83.33333333
[09:35:06] ROI_CREDIT: UID 1 | Inv 86 | Amount 83.33333333
[09:35:06] ROI_CREDIT: UID 434 | Inv 87 | Amount 55.71428571
[09:35:06] ROI_CREDIT: UID 5 | Inv 90 | Amount 5
[09:35:06] ROI_CREDIT: UID 256 | Inv 91 | Amount 37.14285714
[09:35:06] ROI_CREDIT: UID 437 | Inv 92 | Amount 130
[09:35:06] ROI_CREDIT: UID 3 | Inv 93 | Amount 83.33333333
[09:35:06] ROI_CREDIT: UID 3 | Inv 97 | Amount 5
[09:35:06] RESIDUAL_SKIPPED: Inv 98 Corporate/Admin
[09:35:06] ROI_CREDIT: UID 5 | Inv 98 | Amount 83.33333333
[09:35:06] ROI_CREDIT: UID 441 | Inv 99 | Amount 74.28571429
[09:35:07] ROI_CREDIT: UID 444 | Inv 100 | Amount 18.57142857
[09:35:07] ROI_CREDIT: UID 443 | Inv 101 | Amount 83.33333333
[09:35:07] ROI_CREDIT: UID 445 | Inv 103 | Amount 74.28571429
[09:35:07] RESIDUAL_SKIPPED: Inv 106 Corporate/Admin
[09:35:07] ROI_CREDIT: UID 451 | Inv 106 | Amount 27.77777778
[09:35:07] RESIDUAL_SKIPPED: Inv 109 Corporate/Admin
[09:35:07] ROI_CREDIT: UID 10 | Inv 109 | Amount 83.33333333
[09:35:07] ROI_CREDIT: UID 138 | Inv 110 | Amount 1.66666667
[09:35:07] ROI_CREDIT: UID 447 | Inv 111 | Amount 37.14285714
[09:35:07] RESIDUAL_SKIPPED: Inv 112 Corporate/Admin
[09:35:07] ROI_CREDIT: UID 26 | Inv 112 | Amount 83.33333333
[09:35:07] RESIDUAL_SKIPPED: Inv 113 Corporate/Admin
[09:35:07] ROI_CREDIT: UID 66 | Inv 113 | Amount 83.33333333
[09:35:07] RESIDUAL_SKIPPED: Inv 114 Corporate/Admin
[09:35:07] ROI_CREDIT: UID 12 | Inv 114 | Amount 31.25
[09:35:07] RESIDUAL_SKIPPED: Inv 115 Corporate/Admin
[09:35:07] ROI_CREDIT: UID 97 | Inv 115 | Amount 83.33333333
[09:35:07] RESIDUAL_SKIPPED: Inv 116 Corporate/Admin
[09:35:07] ROI_CREDIT: UID 83 | Inv 116 | Amount 83.33333333
[09:35:07] RESIDUAL_SKIPPED: Inv 117 Corporate/Admin
[09:35:07] ROI_CREDIT: UID 98 | Inv 117 | Amount 12.5
[09:35:07] RESIDUAL_SKIPPED: Inv 118 Corporate/Admin
[09:35:07] ROI_CREDIT: UID 284 | Inv 118 | Amount 83.33333333
[09:35:07] RESIDUAL_SKIPPED: Inv 119 Corporate/Admin
[09:35:07] ROI_CREDIT: UID 164 | Inv 119 | Amount 31.25
[09:35:07] RESIDUAL_SKIPPED: Inv 120 Corporate/Admin
[09:35:07] ROI_CREDIT: UID 84 | Inv 120 | Amount 83.33333333
[09:35:07] RESIDUAL_SKIPPED: Inv 121 Corporate/Admin
[09:35:07] ROI_CREDIT: UID 87 | Inv 121 | Amount 83.33333333
[09:35:07] RESIDUAL_SKIPPED: Inv 122 Corporate/Admin
[09:35:07] ROI_CREDIT: UID 101 | Inv 122 | Amount 12.5
[09:35:07] RESIDUAL_SKIPPED: Inv 123 Corporate/Admin
[09:35:07] ROI_CREDIT: UID 105 | Inv 123 | Amount 12.5
[09:35:07] RESIDUAL_SKIPPED: Inv 124 Corporate/Admin
[09:35:07] ROI_CREDIT: UID 146 | Inv 124 | Amount 12.5
[09:35:07] RESIDUAL_SKIPPED: Inv 125 Corporate/Admin
[09:35:07] ROI_CREDIT: UID 255 | Inv 125 | Amount 83.33333333
[09:35:07] RESIDUAL_SKIPPED: Inv 126 Corporate/Admin
[09:35:07] ROI_CREDIT: UID 290 | Inv 126 | Amount 12.5
[09:35:07] RESIDUAL_SKIPPED: Inv 127 Corporate/Admin
[09:35:07] ROI_CREDIT: UID 291 | Inv 127 | Amount 12.5
[09:35:07] RESIDUAL_SKIPPED: Inv 128 Corporate/Admin
[09:35:07] ROI_CREDIT: UID 297 | Inv 128 | Amount 12.5
[09:35:07] RESIDUAL_SKIPPED: Inv 129 Corporate/Admin
[09:35:07] ROI_CREDIT: UID 294 | Inv 129 | Amount 12.5
[09:35:07] RESIDUAL_SKIPPED: Inv 130 Corporate/Admin
[09:35:07] ROI_CREDIT: UID 361 | Inv 130 | Amount 12.5
[09:35:07] RESIDUAL_SKIPPED: Inv 131 Corporate/Admin
[09:35:07] ROI_CREDIT: UID 474 | Inv 131 | Amount 83.33333333
[09:35:07] ROI_CREDIT: UID 429 | Inv 132 | Amount 25
[09:35:07] ROI_CREDIT: UID 476 | Inv 133 | Amount 50
[09:35:07] RESIDUAL_SKIPPED: Inv 134 Corporate/Admin
[09:35:07] ROI_CREDIT: UID 478 | Inv 134 | Amount 31.25
[09:35:07] ROI_CREDIT: UID 5 | Inv 135 | Amount 83.33333333
[09:35:07] ROI_CREDIT: UID 486 | Inv 136 | Amount 83.33333333
[09:35:07] ROI_CREDIT: UID 487 | Inv 137 | Amount 83.33333333
[09:35:07] RESIDUAL_SKIPPED: Inv 138 Corporate/Admin
[09:35:07] ROI_CREDIT: UID 485 | Inv 138 | Amount 12.5
[09:35:07] RESIDUAL_SKIPPED: Inv 139 Corporate/Admin
[09:35:07] ROI_CREDIT: UID 488 | Inv 139 | Amount 12.5
[09:35:07] ROI_CREDIT: UID 1 | Inv 140 | Amount 83.33333333
[09:35:07] ROI_CREDIT: UID 1 | Inv 141 | Amount 83.33333333
[09:35:07] ROI_CREDIT: UID 1 | Inv 142 | Amount 83.33333333
[09:35:07] ROI_CREDIT: UID 1 | Inv 143 | Amount 83.33333333
[09:35:07] ROI_CREDIT: UID 1 | Inv 144 | Amount 5
[09:35:07] ROI_CREDIT: UID 441 | Inv 145 | Amount 18.57142857
[09:35:07] ROI_CREDIT: UID 479 | Inv 146 | Amount 37.14285714
[09:35:07] RESIDUAL_SKIPPED: Inv 147 Corporate/Admin
[09:35:07] ROI_CREDIT: UID 492 | Inv 147 | Amount 12.5
[09:35:07] RESIDUAL_SKIPPED: Inv 148 Corporate/Admin
[09:35:07] ROI_CREDIT: UID 28 | Inv 148 | Amount 31.25
[09:35:07] RESIDUAL_SKIPPED: Inv 149 Corporate/Admin
[09:35:07] ROI_CREDIT: UID 28 | Inv 149 | Amount 5
[09:35:07] ROI_CREDIT: UID 28 | Inv 151 | Amount 5
[09:35:07] RESIDUAL_SKIPPED: Inv 152 Corporate/Admin
[09:35:07] ROI_CREDIT: UID 502 | Inv 152 | Amount 31.25
[09:35:07] ROI_CREDIT: UID 505 | Inv 153 | Amount 278.57142857
[09:35:07] RESIDUAL_SKIPPED: Inv 154 Corporate/Admin
[09:35:07] ROI_CREDIT: UID 5 | Inv 154 | Amount 27.77777778
[09:35:07] RESIDUAL_SKIPPED: Inv 156 Corporate/Admin
[09:35:07] ROI_CREDIT: UID 505 | Inv 156 | Amount 278.57142857
[09:35:07] ROI_CREDIT: UID 5 | Inv 157 | Amount 18.57142857
[09:35:07] ROI_CREDIT: UID 5 | Inv 158 | Amount 18.57142857
[09:35:07] ROI_CREDIT: UID 5 | Inv 159 | Amount 18.57142857
[09:35:07] ROI_CREDIT: UID 5 | Inv 160 | Amount 18.57142857
[09:35:07] ROI_CREDIT: UID 5 | Inv 161 | Amount 18.57142857
[09:35:07] SUMMARY: Investments 142 | ROI 6367.47761897 | Residual 237.76212386
[09:35:07] PROTOCOL_FINISHED_
